[debug] [2025-11-08T16:15:13.169Z] ----------------------------------------------------------------------
[debug] [2025-11-08T16:15:13.172Z] Command:       /nix/store/ws50yvm6vzlzf7jzz6n7xh4szddrack1-nodejs-20.19.1/bin/node /nix/store/f77kilzcw5hh2gidh22k6pj8cp7pxp7h-firebase-tools-14.22.0/lib/node_modules/firebase-tools/lib/bin/firebase.js deploy
[debug] [2025-11-08T16:15:13.172Z] CLI Version:   14.22.0
[debug] [2025-11-08T16:15:13.173Z] Platform:      linux
[debug] [2025-11-08T16:15:13.173Z] Node Version:  v20.19.1
[debug] [2025-11-08T16:15:13.173Z] Time:          Sat Nov 08 2025 16:15:13 GMT+0000 (Coordinated Universal Time)
[debug] [2025-11-08T16:15:13.173Z] ----------------------------------------------------------------------
[debug] 
[debug] [2025-11-08T16:15:13.673Z] Object "/hosting/rewrites/0" in "firebase.json" is missing required property: {"missingProperty":"destination"}
[debug] [2025-11-08T16:15:13.674Z] Object "/hosting/rewrites/0" in "firebase.json" is missing required property: {"missingProperty":"function"}
[debug] [2025-11-08T16:15:13.674Z] Object "/hosting/rewrites/0" in "firebase.json" is missing required property: {"missingProperty":"function"}
[debug] [2025-11-08T16:15:13.675Z] Object "/hosting/rewrites/0" in "firebase.json" is missing required property: {"missingProperty":"glob"}
[debug] [2025-11-08T16:15:13.675Z] Object "/hosting/rewrites/0" in "firebase.json" is missing required property: {"missingProperty":"glob"}
[debug] [2025-11-08T16:15:13.675Z] Object "/hosting/rewrites/0" in "firebase.json" is missing required property: {"missingProperty":"destination"}
[debug] [2025-11-08T16:15:13.675Z] Object "/hosting/rewrites/0" in "firebase.json" is missing required property: {"missingProperty":"function"}
[debug] [2025-11-08T16:15:13.675Z] Object "/hosting/rewrites/0" in "firebase.json" is missing required property: {"missingProperty":"function"}
[debug] [2025-11-08T16:15:13.675Z] Object "/hosting/rewrites/0" in "firebase.json" is missing required property: {"missingProperty":"run"}
[debug] [2025-11-08T16:15:13.676Z] Object "/hosting/rewrites/0" in "firebase.json" has unknown property: {"additionalProperty":"frameworksBackend"}
[debug] [2025-11-08T16:15:13.676Z] Object "/hosting/rewrites/0" in "firebase.json" is missing required property: {"missingProperty":"destination"}
[debug] [2025-11-08T16:15:13.676Z] Object "/hosting/rewrites/0" in "firebase.json" is missing required property: {"missingProperty":"function"}
[debug] [2025-11-08T16:15:13.676Z] Object "/hosting/rewrites/0" in "firebase.json" is missing required property: {"missingProperty":"function"}
[debug] [2025-11-08T16:15:13.676Z] Object "/hosting/rewrites/0" in "firebase.json" is missing required property: {"missingProperty":"regex"}
[debug] [2025-11-08T16:15:13.676Z] Object "/hosting/rewrites/0" in "firebase.json" is missing required property: {"missingProperty":"regex"}
[debug] [2025-11-08T16:15:13.676Z] Field "/hosting/rewrites/0" in "firebase.json" is possibly invalid: must match a schema in anyOf
[debug] [2025-11-08T16:15:13.677Z] Field "/hosting" in "firebase.json" is possibly invalid: must be array
[debug] [2025-11-08T16:15:13.677Z] Field "/hosting" in "firebase.json" is possibly invalid: must match a schema in anyOf
[debug] [2025-11-08T16:15:13.680Z] No OAuth tokens found
[debug] [2025-11-08T16:15:13.681Z] No OAuth tokens found
[error] Failed to fetch Firebase Project from current Studio Workspace: Unable to refresh auth: not yet authenticated.
[debug] [2025-11-08T16:15:13.690Z] > command requires scopes: ["email","openid","https://www.googleapis.com/auth/cloudplatformprojects.readonly","https://www.googleapis.com/auth/firebase","https://www.googleapis.com/auth/cloud-platform","https://www.googleapis.com/auth/userinfo.email"]
[debug] [2025-11-08T16:15:13.690Z] > authorizing via signed-in user (forexanarchy@gmail.com)
[debug] [2025-11-08T16:15:13.691Z] [iam] checking project studio-5247855249-f2913 for permissions ["firebase.projects.get","firebasehosting.sites.update"]
[debug] [2025-11-08T16:15:13.691Z] No OAuth tokens found
[debug] [2025-11-08T16:15:13.692Z] No OAuth tokens found
[debug] [2025-11-08T16:15:13.692Z] > command requires scopes: ["email","openid","https://www.googleapis.com/auth/cloudplatformprojects.readonly","https://www.googleapis.com/auth/firebase","https://www.googleapis.com/auth/cloud-platform","https://www.googleapis.com/auth/userinfo.email"]
[debug] [2025-11-08T16:15:13.692Z] > authorizing via signed-in user (forexanarchy@gmail.com)
[debug] [2025-11-08T16:15:13.694Z] >>> [apiv2][query] POST https://cloudresourcemanager.googleapis.com/v1/projects/studio-5247855249-f2913:testIamPermissions [none]
[debug] [2025-11-08T16:15:13.696Z] >>> [apiv2][(partial)header] POST https://cloudresourcemanager.googleapis.com/v1/projects/studio-5247855249-f2913:testIamPermissions x-goog-quota-user=projects/studio-5247855249-f2913
[debug] [2025-11-08T16:15:13.696Z] >>> [apiv2][body] POST https://cloudresourcemanager.googleapis.com/v1/projects/studio-5247855249-f2913:testIamPermissions {"permissions":["firebase.projects.get","firebasehosting.sites.update"]}
[debug] [2025-11-08T16:15:13.846Z] <<< [apiv2][status] POST https://cloudresourcemanager.googleapis.com/v1/projects/studio-5247855249-f2913:testIamPermissions 200
[debug] [2025-11-08T16:15:13.847Z] <<< [apiv2][body] POST https://cloudresourcemanager.googleapis.com/v1/projects/studio-5247855249-f2913:testIamPermissions {"permissions":["firebase.projects.get","firebasehosting.sites.update"]}
[debug] [2025-11-08T16:15:13.848Z] No OAuth tokens found
[debug] [2025-11-08T16:15:13.849Z] No OAuth tokens found
[debug] [2025-11-08T16:15:13.849Z] > command requires scopes: ["email","openid","https://www.googleapis.com/auth/cloudplatformprojects.readonly","https://www.googleapis.com/auth/firebase","https://www.googleapis.com/auth/cloud-platform","https://www.googleapis.com/auth/userinfo.email"]
[debug] [2025-11-08T16:15:13.849Z] > authorizing via signed-in user (forexanarchy@gmail.com)
[debug] [2025-11-08T16:15:13.850Z] >>> [apiv2][query] GET https://firebase.googleapis.com/v1beta1/projects/studio-5247855249-f2913 [none]
[debug] [2025-11-08T16:15:14.156Z] <<< [apiv2][status] GET https://firebase.googleapis.com/v1beta1/projects/studio-5247855249-f2913 200
[debug] [2025-11-08T16:15:14.157Z] <<< [apiv2][body] GET https://firebase.googleapis.com/v1beta1/projects/studio-5247855249-f2913 {"projectId":"studio-5247855249-f2913","projectNumber":"95053785979","displayName":"Firebase app","name":"projects/studio-5247855249-f2913","resources":{"hostingSite":"studio-5247855249-f2913"},"state":"ACTIVE","etag":"1_6b217de2-5acd-494e-9fc7-20657089a4b8"}
[debug] [2025-11-08T16:15:20.180Z] No OAuth tokens found
[debug] [2025-11-08T16:15:20.180Z] No OAuth tokens found
[debug] [2025-11-08T16:15:20.180Z] > command requires scopes: ["email","openid","https://www.googleapis.com/auth/cloudplatformprojects.readonly","https://www.googleapis.com/auth/firebase","https://www.googleapis.com/auth/cloud-platform","https://www.googleapis.com/auth/userinfo.email"]
[debug] [2025-11-08T16:15:20.181Z] > authorizing via signed-in user (forexanarchy@gmail.com)
[debug] [2025-11-08T16:15:20.181Z] >>> [apiv2][query] GET https://firebasehosting.googleapis.com/v1beta1/projects/studio-5247855249-f2913/sites pageToken=&pageSize=10
[debug] [2025-11-08T16:15:20.611Z] <<< [apiv2][status] GET https://firebasehosting.googleapis.com/v1beta1/projects/studio-5247855249-f2913/sites 200
[debug] [2025-11-08T16:15:20.612Z] <<< [apiv2][body] GET https://firebasehosting.googleapis.com/v1beta1/projects/studio-5247855249-f2913/sites {"sites":[{"name":"projects/studio-5247855249-f2913/sites/studio-5247855249-f2913","defaultUrl":"https://studio-5247855249-f2913.web.app","type":"DEFAULT_SITE"}]}
[debug] [2025-11-08T16:15:20.614Z] No OAuth tokens found
[debug] [2025-11-08T16:15:20.614Z] No OAuth tokens found
[debug] [2025-11-08T16:15:20.614Z] > command requires scopes: ["email","openid","https://www.googleapis.com/auth/cloudplatformprojects.readonly","https://www.googleapis.com/auth/firebase","https://www.googleapis.com/auth/cloud-platform","https://www.googleapis.com/auth/userinfo.email"]
[debug] [2025-11-08T16:15:20.617Z] > authorizing via signed-in user (forexanarchy@gmail.com)
[debug] [2025-11-08T16:15:20.617Z] >>> [apiv2][query] GET https://firebasehosting.googleapis.com/v1beta1/projects/studio-5247855249-f2913/sites 
[debug] [2025-11-08T16:15:20.807Z] <<< [apiv2][status] GET https://firebasehosting.googleapis.com/v1beta1/projects/studio-5247855249-f2913/sites 200
[debug] [2025-11-08T16:15:20.807Z] <<< [apiv2][body] GET https://firebasehosting.googleapis.com/v1beta1/projects/studio-5247855249-f2913/sites {"sites":[{"name":"projects/studio-5247855249-f2913/sites/studio-5247855249-f2913","defaultUrl":"https://studio-5247855249-f2913.web.app","type":"DEFAULT_SITE"}]}
[debug] [2025-11-08T16:15:20.808Z] No OAuth tokens found
[debug] [2025-11-08T16:15:20.808Z] No OAuth tokens found
[debug] [2025-11-08T16:15:20.808Z] > command requires scopes: ["email","openid","https://www.googleapis.com/auth/cloudplatformprojects.readonly","https://www.googleapis.com/auth/firebase","https://www.googleapis.com/auth/cloud-platform","https://www.googleapis.com/auth/userinfo.email"]
[debug] [2025-11-08T16:15:20.809Z] > authorizing via signed-in user (forexanarchy@gmail.com)
[debug] [2025-11-08T16:15:20.809Z] >>> [apiv2][query] GET https://firebase.googleapis.com/v1beta1/projects/studio-5247855249-f2913/webApps/-/config [none]
[debug] [2025-11-08T16:15:21.308Z] <<< [apiv2][status] GET https://firebase.googleapis.com/v1beta1/projects/studio-5247855249-f2913/webApps/-/config 200
[debug] [2025-11-08T16:15:21.308Z] <<< [apiv2][body] GET https://firebase.googleapis.com/v1beta1/projects/studio-5247855249-f2913/webApps/-/config {"projectId":"studio-5247855249-f2913","appId":"1:95053785979:web:416e0e58d8cf4065adabde","storageBucket":"studio-5247855249-f2913.firebasestorage.app","apiKey":"AIzaSyDYXGlerH2stJeWuOPiulwua3-jLyfOe9Y","authDomain":"studio-5247855249-f2913.firebaseapp.com","messagingSenderId":"95053785979","projectNumber":"95053785979","version":"2"}
[info] 
   Thank you for trying our early preview of Next.js support on Firebase Hosting.
   During the preview, support is best-effort and breaking changes can be expected. Proceed with caution.
   The integration is known to work with Next.js version 12 - 15.0. You may encounter errors.

   Documentation: https://firebase.google.com/docs/hosting/frameworks/nextjs
   File a bug: https://github.com/firebase/firebase-tools/issues/new?template=bug_report.md
   Submit a feature request: https://github.com/firebase/firebase-tools/issues/new?template=feature_request.md

   We'd love to learn from you. Express your interest in helping us shape the future of Firebase Hosting: https://goo.gle/41enW5X

[debug] [2025-11-08T16:15:33.129Z] No OAuth tokens found
[debug] [2025-11-08T16:15:33.131Z] No OAuth tokens found
[debug] [2025-11-08T16:15:33.133Z] > command requires scopes: ["email","openid","https://www.googleapis.com/auth/cloudplatformprojects.readonly","https://www.googleapis.com/auth/firebase","https://www.googleapis.com/auth/cloud-platform","https://www.googleapis.com/auth/userinfo.email"]
[debug] [2025-11-08T16:15:33.133Z] > authorizing via signed-in user (forexanarchy@gmail.com)
[debug] [2025-11-08T16:15:33.133Z] >>> [apiv2][query] GET https://firebasehosting.googleapis.com/v1beta1/projects/studio-5247855249-f2913/sites/studio-5247855249-f2913 [none]
[debug] [2025-11-08T16:15:33.281Z] <<< [apiv2][status] GET https://firebasehosting.googleapis.com/v1beta1/projects/studio-5247855249-f2913/sites/studio-5247855249-f2913 200
[debug] [2025-11-08T16:15:33.283Z] <<< [apiv2][body] GET https://firebasehosting.googleapis.com/v1beta1/projects/studio-5247855249-f2913/sites/studio-5247855249-f2913 {"name":"projects/studio-5247855249-f2913/sites/studio-5247855249-f2913","defaultUrl":"https://studio-5247855249-f2913.web.app","type":"DEFAULT_SITE"}
[info]    ▲ Next.js 16.0.1 (Turbopack)

[info]    - Environments: .env.local, .env


[info]    Creating an optimized production build ...

[info]  ✓ Compiled successfully in 34.2s

[info]    Running TypeScript ...

[info]    Collecting page data ...

[info]    Generating static pages (0/51) ...

[info]    Generating static pages (12/51) 

[info]    Generating static pages (25/51) 

[info]    Generating static pages (38/51) 

[info]  ✓ Generating static pages (51/51) in 2.4s

[info]    Finalizing page optimization ...

[info] 

[info] Route (app)
┌ ○ /
├ ○ /_not-found
├ ○ /animation
├ ƒ /api/abuseipdb
├ ƒ /api/bridge
├ ƒ /api/coingecko/coins
├ ƒ /api/finnhub
├ ƒ /api/marketstack
├ ƒ /api/places
├ ƒ /api/polygon
├ ƒ /api/twelvedata
├ ○ /binance-schema
├ ○ /bluetooth-connect
├ ƒ /charts/[index]
├ ○ /coin-validator
├ ○ /compare-prices
├ ○ /crypto-features
├ ○ /custom-view
├ ○ /dao-tokens
├ ○ /data-providers
├ ○ /defi-protocols
├ ○ /exchange-tokens
├ ○ /free-miners
├ ○ /gaming
├ ○ /gps-finder
├ ○ /header-pulse
├ ○ /hyper
├ ○ /impact
├ ○ /interoperability
├ ○ /join
├ ○ /layer-1
├ ○ /layer-2
├ ○ /login
├ ○ /main
├ ○ /metaverse
├ ○ /oracles
├ ○ /policies
├ ○ /privacy-coins
├ ○ /proof-of-stake
├ ○ /proof-of-work
├ ○ /shitcoins
├ ○ /signup
├ ○ /simple-view
├ ○ /smart-contract-platforms
├ ○ /social-tokens
├ ○ /stablecoins
├ ○ /synthetic-assets
├ ○ /us-compliance
├ ○ /utility-tokens
└ ○ /wrapped-assets


[info] 
○  (Static)   prerendered as static content
ƒ  (Dynamic)  server-rendered on demand


[info] Building a Cloud Function to run this application. This is needed due to:
[info]  • Image Optimization
[info]  • non-static component /api/abuseipdb/route
[info]  • non-static component /api/bridge/route
[info]  • non-static component /api/coingecko/coins/route
[info]  • non-static component /api/finnhub/route
[debug] [2025-11-08T16:17:03.842Z]  • non-static component /api/marketstack/route
[debug] [2025-11-08T16:17:03.845Z]  • non-static component /api/places/route
[debug] [2025-11-08T16:17:03.846Z]  • non-static component /api/polygon/route
[debug] [2025-11-08T16:17:03.846Z]  • non-static component /api/twelvedata/route
[debug] [2025-11-08T16:17:03.846Z]  • non-static component /charts/[index]/page
[info]  • and 5 other reasons, use --debug to see more
[info] 
[debug] [2025-11-08T16:17:12.891Z] No OAuth tokens found
[debug] [2025-11-08T16:17:12.891Z] No OAuth tokens found
[debug] [2025-11-08T16:17:12.894Z] > command requires scopes: ["email","openid","https://www.googleapis.com/auth/cloudplatformprojects.readonly","https://www.googleapis.com/auth/firebase","https://www.googleapis.com/auth/cloud-platform","https://www.googleapis.com/auth/userinfo.email"]
[debug] [2025-11-08T16:17:12.894Z] > authorizing via signed-in user (forexanarchy@gmail.com)
[debug] [2025-11-08T16:17:12.895Z] >>> [apiv2][query] GET https://firebasehosting.googleapis.com/v1beta1/projects/studio-5247855249-f2913/sites/studio-5247855249-f2913 [none]
[debug] [2025-11-08T16:17:13.252Z] <<< [apiv2][status] GET https://firebasehosting.googleapis.com/v1beta1/projects/studio-5247855249-f2913/sites/studio-5247855249-f2913 200
[debug] [2025-11-08T16:17:13.252Z] <<< [apiv2][body] GET https://firebasehosting.googleapis.com/v1beta1/projects/studio-5247855249-f2913/sites/studio-5247855249-f2913 {"name":"projects/studio-5247855249-f2913/sites/studio-5247855249-f2913","defaultUrl":"https://studio-5247855249-f2913.web.app","type":"DEFAULT_SITE"}
[debug] [2025-11-08T16:17:24.757Z] Error: Command failed: npm i --omit dev --no-audit
    at genericNodeError (node:internal/errors:984:15)
    at wrappedFn (node:internal/errors:538:14)
    at checkExecSyncError (node:child_process:891:11)
    at execSync (node:child_process:963:15)
    at prepareFrameworks (/nix/store/f77kilzcw5hh2gidh22k6pj8cp7pxp7h-firebase-tools-14.22.0/lib/node_modules/firebase-tools/lib/frameworks/index.js:373:42)
    at async deploy (/nix/store/f77kilzcw5hh2gidh22k6pj8cp7pxp7h-firebase-tools-14.22.0/lib/node_modules/firebase-tools/lib/deploy/index.js:79:9)
[error] 
[error] Error: An unexpected error has occurred.
